Arguments: 
  /home/filipereis/.nvm/versions/node/v20.9.0/bin/node /usr/local/bin/yarn add husky --dev

PATH: 
  /home/filipereis/.nvm/versions/node/v20.9.0/bin:/usr/local/sbin:/usr/local/bin:/usr/sbin:/usr/bin:/sbin:/bin:/usr/games:/usr/local/games:/snap/bin:/snap/bin

Yarn version: 
  1.22.19

Node version: 
  20.9.0

Platform: 
  linux x64

Trace: 
  Error: EACCES: permission denied, unlink '/home/filipereis/Desktop/github/electron_textapp/node_modules/read-pkg/node_modules/semver/LICENSE'

npm manifest: 
  {
    "name": "electron_textapp",
    "version": "1.0.0",
    "description": "",
    "main": "main.js",
    "scripts": {
      "test": "echo \"Error: no test specified\" && exit 1"
    },
    "author": "",
    "license": "ISC",
    "husky": {
      "hooks": {
        "commit-msg": "commitlint -E HUSKY_GIT_PARAMS"
      }
    },
    "devDependencies": {
      "@commitlint/cli": "^18.2.0",
      "@commitlint/config-conventional": "^18.1.0",
      "electron": "^27.0.3",
      "husky": "^8.0.3"
    }
  }

yarn manifest: 
  No manifest

Lockfile: 
  
